%!Adobe-FontList 1.14
%Locale:0x409

%BeginFont
Handler:DirectoryHandler
FontType:Type1
FontName:ProximaNova-Bold
FamilyName:Proxima Nova
StyleName:Bold
MenuName:Proxima Nova Rg
StyleBits:2
WeightClass:700
WidthClass:5
AngleClass:0
FullName:Proxima Nova Bold
WritingScript:Roman
OutlineFileName:\ProximaNova-Bold.otf
DataFormat:sfntData
UsesStandardEncoding:yes
isCFF:yes
FileLength:63808
FileModTime:1185392220
%EndFont

%BeginFont
Handler:DirectoryHandler
FontType:Type1
FontName:ProximaNova-Regular
FamilyName:Proxima Nova
StyleName:Regular
MenuName:Proxima Nova Rg
StyleBits:0
WeightClass:400
WidthClass:5
AngleClass:0
FullName:Proxima Nova
WritingScript:Roman
OutlineFileName:\ProximaNova-Regular.otf
DataFormat:sfntData
UsesStandardEncoding:yes
isCFF:yes
FileLength:62892
FileModTime:1134137984
%EndFont

